Determining if the pthread_create exist failed with the following output:
Change Dir: /home/elmarie/Documents/jalon04_marie_kern/build/CMakeFiles/CMakeTmp

Run Build Command:"/usr/bin/make" "cmTC_9c3d9/fast"
/usr/bin/make -f CMakeFiles/cmTC_9c3d9.dir/build.make CMakeFiles/cmTC_9c3d9.dir/build
make[1] : on entre dans le répertoire « /home/elmarie/Documents/jalon04_marie_kern/build/CMakeFiles/CMakeTmp »
Building C object CMakeFiles/cmTC_9c3d9.dir/CheckSymbolExists.c.o
/usr/bin/cc     -o CMakeFiles/cmTC_9c3d9.dir/CheckSymbolExists.c.o   -c /home/elmarie/Documents/jalon04_marie_kern/build/CMakeFiles/CMakeTmp/CheckSymbolExists.c
Linking C executable cmTC_9c3d9
/usr/bin/cmake -E cmake_link_script CMakeFiles/cmTC_9c3d9.dir/link.txt --verbose=1
/usr/bin/cc       CMakeFiles/cmTC_9c3d9.dir/CheckSymbolExists.c.o  -o cmTC_9c3d9 -rdynamic 
CMakeFiles/cmTC_9c3d9.dir/CheckSymbolExists.c.o : Dans la fonction « main » :
CheckSymbolExists.c:(.text+0xa) : référence indéfinie vers « pthread_create »
collect2: error: ld returned 1 exit status
CMakeFiles/cmTC_9c3d9.dir/build.make:97 : la recette pour la cible « cmTC_9c3d9 » a échouée
make[1]: *** [cmTC_9c3d9] Erreur 1
make[1] : on quitte le répertoire « /home/elmarie/Documents/jalon04_marie_kern/build/CMakeFiles/CMakeTmp »
Makefile:126 : la recette pour la cible « cmTC_9c3d9/fast » a échouée
make: *** [cmTC_9c3d9/fast] Erreur 2

File /home/elmarie/Documents/jalon04_marie_kern/build/CMakeFiles/CMakeTmp/CheckSymbolExists.c:
/* */
#include <pthread.h>

int main(int argc, char** argv)
{
  (void)argv;
#ifndef pthread_create
  return ((int*)(&pthread_create))[argc];
#else
  (void)argc;
  return 0;
#endif
}

Determining if the function pthread_create exists in the pthreads failed with the following output:
Change Dir: /home/elmarie/Documents/jalon04_marie_kern/build/CMakeFiles/CMakeTmp

Run Build Command:"/usr/bin/make" "cmTC_ed400/fast"
/usr/bin/make -f CMakeFiles/cmTC_ed400.dir/build.make CMakeFiles/cmTC_ed400.dir/build
make[1] : on entre dans le répertoire « /home/elmarie/Documents/jalon04_marie_kern/build/CMakeFiles/CMakeTmp »
Building C object CMakeFiles/cmTC_ed400.dir/CheckFunctionExists.c.o
/usr/bin/cc    -DCHECK_FUNCTION_EXISTS=pthread_create   -o CMakeFiles/cmTC_ed400.dir/CheckFunctionExists.c.o   -c /usr/share/cmake-3.7/Modules/CheckFunctionExists.c
Linking C executable cmTC_ed400
/usr/bin/cmake -E cmake_link_script CMakeFiles/cmTC_ed400.dir/link.txt --verbose=1
/usr/bin/cc   -DCHECK_FUNCTION_EXISTS=pthread_create    CMakeFiles/cmTC_ed400.dir/CheckFunctionExists.c.o  -o cmTC_ed400 -rdynamic -lpthreads 
/usr/bin/ld : ne peut trouver -lpthreads
collect2: error: ld returned 1 exit status
CMakeFiles/cmTC_ed400.dir/build.make:97 : la recette pour la cible « cmTC_ed400 » a échouée
make[1]: *** [cmTC_ed400] Erreur 1
make[1] : on quitte le répertoire « /home/elmarie/Documents/jalon04_marie_kern/build/CMakeFiles/CMakeTmp »
Makefile:126 : la recette pour la cible « cmTC_ed400/fast » a échouée
make: *** [cmTC_ed400/fast] Erreur 2


